<?xml version="1.0" encoding="UTF-8"?>
<testng-results ignored="0" total="1" passed="1" failed="0" skipped="0">
  <reporter-output>
  </reporter-output>
  <suite started-at="2024-11-20T23:16:52 EST" name="Default suite" finished-at="2024-11-20T23:16:56 EST" duration-ms="4795">
    <groups>
    </groups>
    <test started-at="2024-11-20T23:16:52 EST" name="Default test" finished-at="2024-11-20T23:16:56 EST" duration-ms="4795">
      <class name="com.TutorialsNinja.TestCases.SearchProductTest">
        <test-method is-config="true" signature="searchProductSetup()[pri:0, instance:com.TutorialsNinja.TestCases.SearchProductTest@6f1de4c7]" started-at="2024-11-20T23:16:52 EST" name="searchProductSetup" finished-at="2024-11-20T23:16:54 EST" duration-ms="1896" status="PASS">
          <reporter-output>
          </reporter-output>
        </test-method> <!-- searchProductSetup -->
        <test-method signature="verifySearchProductResult()[pri:0, instance:com.TutorialsNinja.TestCases.SearchProductTest@6f1de4c7]" started-at="2024-11-20T23:16:54 EST" name="verifySearchProductResult" finished-at="2024-11-20T23:16:56 EST" duration-ms="2725" status="PASS">
          <reporter-output>
          </reporter-output>
        </test-method> <!-- verifySearchProductResult -->
        <test-method is-config="true" signature="tearDown()[pri:0, instance:com.TutorialsNinja.TestCases.SearchProductTest@6f1de4c7]" started-at="2024-11-20T23:16:56 EST" name="tearDown" finished-at="2024-11-20T23:16:56 EST" duration-ms="136" status="PASS">
          <reporter-output>
          </reporter-output>
        </test-method> <!-- tearDown -->
      </class> <!-- com.TutorialsNinja.TestCases.SearchProductTest -->
    </test> <!-- Default test -->
  </suite> <!-- Default suite -->
</testng-results>
