<?xml version="1.0" encoding="UTF-8"?>
<testng-results ignored="0" total="1" passed="1" failed="0" skipped="0">
  <reporter-output>
  </reporter-output>
  <suite started-at="2024-12-14T21:37:52 EST" name="Default suite" finished-at="2024-12-14T21:37:57 EST" duration-ms="5493">
    <groups>
    </groups>
    <test started-at="2024-12-14T21:37:52 EST" name="Default test" finished-at="2024-12-14T21:37:57 EST" duration-ms="5493">
      <class name="com.TutorialsNinja.TestCases.LandingpageTest">
        <test-method is-config="true" signature="setup()[pri:0, instance:com.TutorialsNinja.TestCases.LandingpageTest@6f1de4c7]" started-at="2024-12-14T21:37:52 EST" name="setup" finished-at="2024-12-14T21:37:54 EST" duration-ms="1946" status="PASS">
          <reporter-output>
          </reporter-output>
        </test-method> <!-- setup -->
        <test-method signature="navigateToDifferentPage()[pri:0, instance:com.TutorialsNinja.TestCases.LandingpageTest@6f1de4c7]" started-at="2024-12-14T21:37:54 EST" name="navigateToDifferentPage" finished-at="2024-12-14T21:37:57 EST" duration-ms="3237" status="PASS">
          <reporter-output>
          </reporter-output>
        </test-method> <!-- navigateToDifferentPage -->
        <test-method is-config="true" signature="tearDown()[pri:0, instance:com.TutorialsNinja.TestCases.LandingpageTest@6f1de4c7]" started-at="2024-12-14T21:37:57 EST" name="tearDown" finished-at="2024-12-14T21:37:57 EST" duration-ms="214" status="PASS">
          <reporter-output>
          </reporter-output>
        </test-method> <!-- tearDown -->
      </class> <!-- com.TutorialsNinja.TestCases.LandingpageTest -->
    </test> <!-- Default test -->
  </suite> <!-- Default suite -->
</testng-results>
